<component name="libraryTable">
  <library name="junit5-0.0.8">
    <CLASSES>
      <root url="jar://$APPLICATION_HOME_DIR$/lib/junit5-0.0.8.jar!/" />
    </CLASSES>
    <JAVADOC />
    <SOURCES />
  </library>
</component>